<?xml version="1.0" encoding="UTF-8"?>
<!-- Generated by org.testng.reporters.JUnitReportReporter -->
<testsuite hostname="MOHAMMEDs-MBP" failures="0" tests="2" name="testNGTesting.GoogleSearchTestNG" time="14.994" errors="0" timestamp="2022-01-08T22:56:26 EST" skipped="0">
  <testcase classname="testNGTesting.GoogleSearchTestNG" name="clickOnResult" time="6.934"/>
  <system-out/>
  <testcase classname="testNGTesting.GoogleSearchTestNG" name="search" time="8.060"/>
  <system-out/>
</testsuite> <!-- testNGTesting.GoogleSearchTestNG -->
