<?xml version="1.0" encoding="UTF-8"?>
<!-- Generated by org.testng.reporters.JUnitReportReporter -->
<testsuite hostname="MOHAMMEDs-MBP" failures="0" tests="2" name="testNGTesting.Cvs" time="19.683" errors="0" timestamp="2022-01-09T15:11:43 EST" skipped="0">
  <testcase classname="testNGTesting.Cvs" name="shopNav" time="6.799"/>
  <system-out/>
  <testcase classname="testNGTesting.Cvs" name="linksCount" time="12.884"/>
  <system-out/>
</testsuite> <!-- testNGTesting.Cvs -->
