<?xml version="1.0" encoding="UTF-8"?>
<!-- Generated by org.testng.reporters.JUnitReportReporter -->
<testsuite hostname="MOHAMMEDs-MBP" failures="0" tests="3" name="testNGTesting.ClassWork" time="0.019" errors="0" timestamp="2022-01-11T16:05:34 EST" skipped="0">
  <testcase classname="testNGTesting.ClassWork" name="testTwo" time="0.004"/>
  <system-out/>
  <testcase classname="testNGTesting.ClassWork" name="testThree" time="0.014"/>
  <system-out/>
  <testcase classname="testNGTesting.ClassWork" name="testOne" time="0.001"/>
  <system-out/>
</testsuite> <!-- testNGTesting.ClassWork -->
